<?xml version="1.0" encoding="UTF-8"?>
<coverage generated="1667242015265" clover="3.2.0">
  <project timestamp="1667242015265" name="All files">
    <metrics statements="75" coveredstatements="75" conditionals="48" coveredconditionals="31" methods="13" coveredmethods="13" elements="136" coveredelements="119" complexity="0" loc="75" ncloc="75" packages="4" files="5" classes="5"/>
    <package name="src.helpers">
      <metrics statements="12" coveredstatements="12" conditionals="0" coveredconditionals="0" methods="2" coveredmethods="2"/>
      <file name="index.ts" path="/home/nivaldo/src/projects/cloudwalk/src/helpers/index.ts">
        <metrics statements="12" coveredstatements="12" conditionals="0" coveredconditionals="0" methods="2" coveredmethods="2"/>
        <line num="4" count="1" type="stmt"/>
        <line num="6" count="1" type="stmt"/>
        <line num="7" count="4" type="stmt"/>
        <line num="8" count="4" type="stmt"/>
        <line num="11" count="3" type="stmt"/>
        <line num="13" count="1" type="stmt"/>
        <line num="17" count="1" type="stmt"/>
        <line num="18" count="3" type="stmt"/>
        <line num="20" count="3" type="stmt"/>
        <line num="21" count="3" type="stmt"/>
        <line num="25" count="1" type="stmt"/>
        <line num="28" count="2" type="stmt"/>
      </file>
    </package>
    <package name="src.lib">
      <metrics statements="8" coveredstatements="8" conditionals="4" coveredconditionals="4" methods="3" coveredmethods="3"/>
      <file name="regex.ts" path="/home/nivaldo/src/projects/cloudwalk/src/lib/regex.ts">
        <metrics statements="1" coveredstatements="1" conditionals="0" coveredconditionals="0" methods="0" coveredmethods="0"/>
        <line num="1" count="1" type="stmt"/>
      </file>
      <file name="utils.ts" path="/home/nivaldo/src/projects/cloudwalk/src/lib/utils.ts">
        <metrics statements="7" coveredstatements="7" conditionals="4" coveredconditionals="4" methods="3" coveredmethods="3"/>
        <line num="1" count="1" type="stmt"/>
        <line num="2" count="7" type="stmt"/>
        <line num="3" count="7" type="stmt"/>
        <line num="6" count="1" type="stmt"/>
        <line num="7" count="4" type="stmt"/>
        <line num="10" count="1" type="stmt"/>
        <line num="11" count="4" type="cond" truecount="4" falsecount="0"/>
      </file>
    </package>
    <package name="src.scripts">
      <metrics statements="49" coveredstatements="49" conditionals="38" coveredconditionals="24" methods="7" coveredmethods="7"/>
      <file name="index.ts" path="/home/nivaldo/src/projects/cloudwalk/src/scripts/index.ts">
        <metrics statements="49" coveredstatements="49" conditionals="38" coveredconditionals="24" methods="7" coveredmethods="7"/>
        <line num="3" count="1" type="stmt"/>
        <line num="4" count="1" type="stmt"/>
        <line num="5" count="1" type="stmt"/>
        <line num="7" count="1" type="stmt"/>
        <line num="8" count="2" type="stmt"/>
        <line num="11" count="2" type="stmt"/>
        <line num="14" count="2" type="stmt"/>
        <line num="16" count="2" type="stmt"/>
        <line num="17" count="2" type="cond" truecount="1" falsecount="1"/>
        <line num="18" count="2" type="stmt"/>
        <line num="21" count="2" type="cond" truecount="1" falsecount="0"/>
        <line num="22" count="1" type="stmt"/>
        <line num="25" count="1" type="stmt"/>
        <line num="27" count="1" type="stmt"/>
        <line num="32" count="1" type="stmt"/>
        <line num="33" count="3" type="stmt"/>
        <line num="38" count="3" type="stmt"/>
        <line num="41" count="3" type="stmt"/>
        <line num="50" count="3" type="stmt"/>
        <line num="51" count="3" type="stmt"/>
        <line num="52" count="3" type="stmt"/>
        <line num="53" count="3" type="stmt"/>
        <line num="55" count="3" type="stmt"/>
        <line num="63" count="3" type="stmt"/>
        <line num="65" count="3" type="stmt"/>
        <line num="66" count="14" type="cond" truecount="1" falsecount="1"/>
        <line num="67" count="14" type="stmt"/>
        <line num="75" count="3" type="stmt"/>
        <line num="77" count="3" type="stmt"/>
        <line num="78" count="22" type="cond" truecount="1" falsecount="1"/>
        <line num="79" count="22" type="cond" truecount="1" falsecount="1"/>
        <line num="80" count="22" type="cond" truecount="1" falsecount="1"/>
        <line num="82" count="22" type="stmt"/>
        <line num="87" count="22" type="cond" truecount="4" falsecount="0"/>
        <line num="88" count="20" type="cond" truecount="1" falsecount="0"/>
        <line num="93" count="2" type="cond" truecount="2" falsecount="2"/>
        <line num="97" count="2" type="stmt"/>
        <line num="103" count="2" type="stmt"/>
        <line num="109" count="22" type="stmt"/>
        <line num="114" count="22" type="stmt"/>
        <line num="119" count="3" type="stmt"/>
        <line num="121" count="3" type="stmt"/>
        <line num="122" count="122" type="cond" truecount="1" falsecount="1"/>
        <line num="124" count="122" type="cond" truecount="2" falsecount="0"/>
        <line num="129" count="3" type="stmt"/>
        <line num="131" count="3" type="stmt"/>
        <line num="132" count="3" type="stmt"/>
        <line num="137" count="3" type="stmt"/>
        <line num="141" count="3" type="stmt"/>
      </file>
    </package>
    <package name="tests.mocks">
      <metrics statements="6" coveredstatements="6" conditionals="6" coveredconditionals="3" methods="1" coveredmethods="1"/>
      <file name="index.ts" path="/home/nivaldo/src/projects/cloudwalk/tests/mocks/index.ts">
        <metrics statements="6" coveredstatements="6" conditionals="6" coveredconditionals="3" methods="1" coveredmethods="1"/>
        <line num="1" count="1" type="stmt"/>
        <line num="2" count="1" type="stmt"/>
        <line num="4" count="1" type="stmt"/>
        <line num="13" count="1" type="stmt"/>
        <line num="14" count="2" type="stmt"/>
        <line num="52" count="1" type="stmt"/>
      </file>
    </package>
  </project>
</coverage>
