{"/home/nivaldo/src/projects/cloudwalk/src/helpers/index.ts": {"path":"/home/nivaldo/src/projects/cloudwalk/src/helpers/index.ts","statementMap":{"0":{"start":{"line":4,"column":0},"end":{"line":4,"column":55}},"1":{"start":{"line":7,"column":2},"end":{"line":14,"column":null}},"2":{"start":{"line":8,"column":20},"end":{"line":10,"column":6}},"3":{"start":{"line":11,"column":4},"end":{"line":11,"column":19}},"4":{"start":{"line":13,"column":4},"end":{"line":13,"column":65}},"5":{"start":{"line":6,"column":0},"end":{"line":6,"column":7}},"6":{"start":{"line":18,"column":15},"end":{"line":18,"column":44}},"7":{"start":{"line":20,"column":2},"end":{"line":26,"column":null}},"8":{"start":{"line":21,"column":4},"end":{"line":23,"column":7}},"9":{"start":{"line":25,"column":4},"end":{"line":25,"column":65}},"10":{"start":{"line":28,"column":2},"end":{"line":28,"column":67}},"11":{"start":{"line":17,"column":0},"end":{"line":17,"column":7}}},"fnMap":{"0":{"name":"logToString","decl":{"start":{"line":6,"column":22},"end":{"line":6,"column":33}},"loc":{"start":{"line":6,"column":46},"end":{"line":15,"column":1}}},"1":{"name":"createJSON","decl":{"start":{"line":17,"column":22},"end":{"line":17,"column":32}},"loc":{"start":{"line":17,"column":59},"end":{"line":29,"column":1}}}},"branchMap":{},"s":{"0":1,"1":4,"2":4,"3":3,"4":1,"5":1,"6":3,"7":3,"8":3,"9":1,"10":2,"11":1},"f":{"0":4,"1":3},"b":{}}
,"/home/nivaldo/src/projects/cloudwalk/src/lib/regex.ts": {"path":"/home/nivaldo/src/projects/cloudwalk/src/lib/regex.ts","statementMap":{"0":{"start":{"line":1,"column":0},"end":{"line":22,"column":2}}},"fnMap":{},"branchMap":{},"s":{"0":1},"f":{},"b":{}}
,"/home/nivaldo/src/projects/cloudwalk/src/lib/utils.ts": {"path":"/home/nivaldo/src/projects/cloudwalk/src/lib/utils.ts","statementMap":{"0":{"start":{"line":2,"column":29},"end":{"line":2,"column":44}},"1":{"start":{"line":3,"column":2},"end":{"line":3,"column":48}},"2":{"start":{"line":1,"column":0},"end":{"line":1,"column":16}},"3":{"start":{"line":7,"column":2},"end":{"line":7,"column":70}},"4":{"start":{"line":6,"column":0},"end":{"line":6,"column":16}},"5":{"start":{"line":11,"column":2},"end":{"line":13,"column":11}},"6":{"start":{"line":10,"column":0},"end":{"line":10,"column":16}}},"fnMap":{"0":{"name":"timeToMinutes","decl":{"start":{"line":1,"column":16},"end":{"line":1,"column":29}},"loc":{"start":{"line":1,"column":42},"end":{"line":4,"column":1}}},"1":{"name":"minutesToString","decl":{"start":{"line":6,"column":16},"end":{"line":6,"column":31}},"loc":{"start":{"line":6,"column":44},"end":{"line":8,"column":1}}},"2":{"name":"normalizeTimeString","decl":{"start":{"line":10,"column":16},"end":{"line":10,"column":35}},"loc":{"start":{"line":10,"column":48},"end":{"line":14,"column":1}}}},"branchMap":{"0":{"loc":{"start":{"line":11,"column":9},"end":{"line":13,"column":10}},"type":"cond-expr","locations":[{"start":{"line":12,"column":6},"end":{"line":12,"column":31}},{"start":{"line":13,"column":6},"end":{"line":13,"column":10}}]},"1":{"loc":{"start":{"line":11,"column":9},"end":{"line":11,"column":47}},"type":"binary-expr","locations":[{"start":{"line":11,"column":9},"end":{"line":11,"column":26}},{"start":{"line":11,"column":30},"end":{"line":11,"column":47}}]}},"s":{"0":7,"1":7,"2":1,"3":4,"4":1,"5":4,"6":1},"f":{"0":7,"1":4,"2":4},"b":{"0":[1,3],"1":[4,1]}}
,"/home/nivaldo/src/projects/cloudwalk/src/scripts/index.ts": {"path":"/home/nivaldo/src/projects/cloudwalk/src/scripts/index.ts","statementMap":{"0":{"start":{"line":3,"column":0},"end":{"line":3,"column":55}},"1":{"start":{"line":4,"column":0},"end":{"line":4,"column":39}},"2":{"start":{"line":5,"column":0},"end":{"line":5,"column":35}},"3":{"start":{"line":8,"column":25},"end":{"line":10,"column":4}},"4":{"start":{"line":11,"column":24},"end":{"line":11,"column":47}},"5":{"start":{"line":14,"column":28},"end":{"line":14,"column":63}},"6":{"start":{"line":16,"column":2},"end":{"line":19,"column":null}},"7":{"start":{"line":17,"column":17},"end":{"line":17,"column":41}},"8":{"start":{"line":18,"column":4},"end":{"line":18,"column":73}},"9":{"start":{"line":21,"column":2},"end":{"line":23,"column":null}},"10":{"start":{"line":22,"column":4},"end":{"line":22,"column":38}},"11":{"start":{"line":25,"column":2},"end":{"line":25,"column":39}},"12":{"start":{"line":27,"column":2},"end":{"line":29,"column":4}},"13":{"start":{"line":7,"column":0},"end":{"line":7,"column":7}},"14":{"start":{"line":33,"column":21},"end":{"line":36,"column":4}},"15":{"start":{"line":38,"column":2},"end":{"line":38,"column":14}},"16":{"start":{"line":41,"column":19},"end":{"line":48,"column":6}},"17":{"start":{"line":50,"column":4},"end":{"line":50,"column":18}},"18":{"start":{"line":51,"column":4},"end":{"line":51,"column":16}},"19":{"start":{"line":52,"column":4},"end":{"line":52,"column":16}},"20":{"start":{"line":53,"column":4},"end":{"line":53,"column":18}},"21":{"start":{"line":55,"column":4},"end":{"line":60,"column":6}},"22":{"start":{"line":63,"column":35},"end":{"line":63,"column":62}},"23":{"start":{"line":65,"column":6},"end":{"line":71,"column":null}},"24":{"start":{"line":66,"column":23},"end":{"line":66,"column":55}},"25":{"start":{"line":67,"column":8},"end":{"line":70,"column":11}},"26":{"start":{"line":75,"column":33},"end":{"line":75,"column":58}},"27":{"start":{"line":77,"column":6},"end":{"line":115,"column":null}},"28":{"start":{"line":78,"column":25},"end":{"line":78,"column":58}},"29":{"start":{"line":79,"column":23},"end":{"line":79,"column":53}},"30":{"start":{"line":80,"column":29},"end":{"line":80,"column":67}},"31":{"start":{"line":82,"column":8},"end":{"line":85,"column":11}},"32":{"start":{"line":87,"column":8},"end":{"line":107,"column":null}},"33":{"start":{"line":88,"column":10},"end":{"line":101,"column":null}},"34":{"start":{"line":93,"column":14},"end":{"line":95,"column":64}},"35":{"start":{"line":97,"column":12},"end":{"line":100,"column":15}},"36":{"start":{"line":103,"column":10},"end":{"line":106,"column":13}},"37":{"start":{"line":109,"column":8},"end":{"line":112,"column":10}},"38":{"start":{"line":114,"column":8},"end":{"line":114,"column":29}},"39":{"start":{"line":119,"column":33},"end":{"line":119,"column":58}},"40":{"start":{"line":121,"column":6},"end":{"line":125,"column":null}},"41":{"start":{"line":122,"column":21},"end":{"line":122,"column":49}},"42":{"start":{"line":124,"column":8},"end":{"line":124,"column":66}},"43":{"start":{"line":129,"column":31},"end":{"line":129,"column":63}},"44":{"start":{"line":131,"column":6},"end":{"line":142,"column":null}},"45":{"start":{"line":132,"column":31},"end":{"line":132,"column":null}},"46":{"start":{"line":137,"column":28},"end":{"line":138,"column":null}},"47":{"start":{"line":141,"column":8},"end":{"line":141,"column":68}},"48":{"start":{"line":32,"column":0},"end":{"line":32,"column":16}}},"fnMap":{"0":{"name":"createLogReport","decl":{"start":{"line":7,"column":22},"end":{"line":7,"column":37}},"loc":{"start":{"line":7,"column":70},"end":{"line":30,"column":1}}},"1":{"name":"buildGameReport","decl":{"start":{"line":32,"column":16},"end":{"line":32,"column":31}},"loc":{"start":{"line":32,"column":58},"end":{"line":145,"column":1}}},"2":{"name":"buildGameInfo","decl":{"start":{"line":40,"column":11},"end":{"line":40,"column":24}},"loc":{"start":{"line":40,"column":24},"end":{"line":144,"column":3}}},"3":{"name":"playersInfo","decl":{"start":{"line":62,"column":13},"end":{"line":62,"column":24}},"loc":{"start":{"line":62,"column":24},"end":{"line":72,"column":5}}},"4":{"name":"killsInfo","decl":{"start":{"line":74,"column":13},"end":{"line":74,"column":22}},"loc":{"start":{"line":74,"column":22},"end":{"line":116,"column":5}}},"5":{"name":"itemsInfo","decl":{"start":{"line":118,"column":13},"end":{"line":118,"column":22}},"loc":{"start":{"line":118,"column":22},"end":{"line":126,"column":5}}},"6":{"name":"elapsedTime","decl":{"start":{"line":128,"column":13},"end":{"line":128,"column":24}},"loc":{"start":{"line":128,"column":24},"end":{"line":143,"column":5}}}},"branchMap":{"0":{"loc":{"start":{"line":17,"column":17},"end":{"line":17,"column":41}},"type":"binary-expr","locations":[{"start":{"line":17,"column":17},"end":{"line":17,"column":35}},{"start":{"line":17,"column":39},"end":{"line":17,"column":41}}]},"1":{"loc":{"start":{"line":21,"column":2},"end":{"line":23,"column":null}},"type":"if","locations":[{"start":{"line":21,"column":2},"end":{"line":23,"column":null}}]},"2":{"loc":{"start":{"line":66,"column":23},"end":{"line":66,"column":55}},"type":"binary-expr","locations":[{"start":{"line":66,"column":23},"end":{"line":66,"column":49}},{"start":{"line":66,"column":53},"end":{"line":66,"column":55}}]},"3":{"loc":{"start":{"line":78,"column":25},"end":{"line":78,"column":58}},"type":"binary-expr","locations":[{"start":{"line":78,"column":25},"end":{"line":78,"column":52}},{"start":{"line":78,"column":56},"end":{"line":78,"column":58}}]},"4":{"loc":{"start":{"line":79,"column":23},"end":{"line":79,"column":53}},"type":"binary-expr","locations":[{"start":{"line":79,"column":23},"end":{"line":79,"column":47}},{"start":{"line":79,"column":51},"end":{"line":79,"column":53}}]},"5":{"loc":{"start":{"line":80,"column":29},"end":{"line":80,"column":67}},"type":"binary-expr","locations":[{"start":{"line":80,"column":29},"end":{"line":80,"column":61}},{"start":{"line":80,"column":65},"end":{"line":80,"column":67}}]},"6":{"loc":{"start":{"line":83,"column":17},"end":{"line":83,"column":55}},"type":"binary-expr","locations":[{"start":{"line":83,"column":17},"end":{"line":83,"column":50}},{"start":{"line":83,"column":54},"end":{"line":83,"column":55}}]},"7":{"loc":{"start":{"line":84,"column":19},"end":{"line":84,"column":58}},"type":"binary-expr","locations":[{"start":{"line":84,"column":19},"end":{"line":84,"column":53}},{"start":{"line":84,"column":57},"end":{"line":84,"column":58}}]},"8":{"loc":{"start":{"line":87,"column":8},"end":{"line":107,"column":null}},"type":"if","locations":[{"start":{"line":87,"column":8},"end":{"line":107,"column":null}},{"start":{"line":102,"column":15},"end":{"line":107,"column":null}}]},"9":{"loc":{"start":{"line":87,"column":12},"end":{"line":87,"column":57}},"type":"binary-expr","locations":[{"start":{"line":87,"column":12},"end":{"line":87,"column":34}},{"start":{"line":87,"column":38},"end":{"line":87,"column":57}}]},"10":{"loc":{"start":{"line":88,"column":10},"end":{"line":101,"column":null}},"type":"if","locations":[{"start":{"line":88,"column":10},"end":{"line":101,"column":null}}]},"11":{"loc":{"start":{"line":93,"column":14},"end":{"line":95,"column":64}},"type":"cond-expr","locations":[{"start":{"line":94,"column":18},"end":{"line":94,"column":19}},{"start":{"line":95,"column":18},"end":{"line":95,"column":64}}]},"12":{"loc":{"start":{"line":93,"column":15},"end":{"line":93,"column":55}},"type":"binary-expr","locations":[{"start":{"line":93,"column":15},"end":{"line":93,"column":50}},{"start":{"line":93,"column":54},"end":{"line":93,"column":55}}]},"13":{"loc":{"start":{"line":95,"column":19},"end":{"line":95,"column":59}},"type":"binary-expr","locations":[{"start":{"line":95,"column":19},"end":{"line":95,"column":54}},{"start":{"line":95,"column":58},"end":{"line":95,"column":59}}]},"14":{"loc":{"start":{"line":99,"column":22},"end":{"line":99,"column":63}},"type":"binary-expr","locations":[{"start":{"line":99,"column":22},"end":{"line":99,"column":58}},{"start":{"line":99,"column":62},"end":{"line":99,"column":63}}]},"15":{"loc":{"start":{"line":104,"column":20},"end":{"line":104,"column":60}},"type":"binary-expr","locations":[{"start":{"line":104,"column":20},"end":{"line":104,"column":55}},{"start":{"line":104,"column":59},"end":{"line":104,"column":60}}]},"16":{"loc":{"start":{"line":105,"column":20},"end":{"line":105,"column":61}},"type":"binary-expr","locations":[{"start":{"line":105,"column":20},"end":{"line":105,"column":56}},{"start":{"line":105,"column":60},"end":{"line":105,"column":61}}]},"17":{"loc":{"start":{"line":111,"column":11},"end":{"line":111,"column":55}},"type":"binary-expr","locations":[{"start":{"line":111,"column":11},"end":{"line":111,"column":50}},{"start":{"line":111,"column":54},"end":{"line":111,"column":55}}]},"18":{"loc":{"start":{"line":122,"column":21},"end":{"line":122,"column":49}},"type":"binary-expr","locations":[{"start":{"line":122,"column":21},"end":{"line":122,"column":43}},{"start":{"line":122,"column":47},"end":{"line":122,"column":49}}]},"19":{"loc":{"start":{"line":124,"column":32},"end":{"line":124,"column":59}},"type":"binary-expr","locations":[{"start":{"line":124,"column":32},"end":{"line":124,"column":54}},{"start":{"line":124,"column":58},"end":{"line":124,"column":59}}]}},"s":{"0":1,"1":1,"2":1,"3":2,"4":2,"5":2,"6":2,"7":2,"8":2,"9":2,"10":1,"11":1,"12":1,"13":1,"14":3,"15":3,"16":3,"17":3,"18":3,"19":3,"20":3,"21":3,"22":3,"23":3,"24":14,"25":14,"26":3,"27":3,"28":22,"29":22,"30":22,"31":22,"32":22,"33":20,"34":2,"35":2,"36":2,"37":22,"38":22,"39":3,"40":3,"41":122,"42":122,"43":3,"44":3,"45":3,"46":3,"47":3,"48":1},"f":{"0":2,"1":3,"2":3,"3":3,"4":3,"5":3,"6":3},"b":{"0":[2,0],"1":[1],"2":[14,0],"3":[22,0],"4":[22,0],"5":[22,0],"6":[22,0],"7":[22,0],"8":[20,2],"9":[22,6],"10":[2],"11":[0,2],"12":[2,0],"13":[2,0],"14":[2,0],"15":[2,0],"16":[2,0],"17":[22,6],"18":[122,0],"19":[122,20]}}
,"/home/nivaldo/src/projects/cloudwalk/tests/mocks/index.ts": {"path":"/home/nivaldo/src/projects/cloudwalk/tests/mocks/index.ts","statementMap":{"0":{"start":{"line":1,"column":0},"end":{"line":1,"column":28}},"1":{"start":{"line":2,"column":0},"end":{"line":2,"column":37}},"2":{"start":{"line":4,"column":18},"end":{"line":11,"column":2}},"3":{"start":{"line":13,"column":20},"end":{"line":50,"column":1}},"4":{"start":{"line":14,"column":2},"end":{"line":49,"column":4}},"5":{"start":{"line":52,"column":0},"end":{"line":76,"column":2}}},"fnMap":{"0":{"name":"(anonymous_1)","decl":{"start":{"line":13,"column":20},"end":{"line":13,"column":21}},"loc":{"start":{"line":13,"column":57},"end":{"line":50,"column":1}}}},"branchMap":{"0":{"loc":{"start":{"line":53,"column":12},"end":{"line":53,"column":58}},"type":"binary-expr","locations":[{"start":{"line":53,"column":12},"end":{"line":53,"column":32}},{"start":{"line":53,"column":36},"end":{"line":53,"column":58}}]},"1":{"loc":{"start":{"line":54,"column":15},"end":{"line":54,"column":73}},"type":"binary-expr","locations":[{"start":{"line":54,"column":15},"end":{"line":54,"column":38}},{"start":{"line":54,"column":42},"end":{"line":54,"column":73}}]},"2":{"loc":{"start":{"line":55,"column":15},"end":{"line":55,"column":67}},"type":"binary-expr","locations":[{"start":{"line":55,"column":15},"end":{"line":55,"column":38}},{"start":{"line":55,"column":42},"end":{"line":55,"column":67}}]}},"s":{"0":1,"1":1,"2":1,"3":1,"4":2,"5":1},"f":{"0":2},"b":{"0":[1,0],"1":[1,0],"2":[1,0]}}
}
