TN:
SF:src/helpers/index.ts
FN:6,logToString
FN:17,createJSON
FNF:2
FNH:2
FNDA:4,logToString
FNDA:3,createJSON
DA:4,1
DA:6,1
DA:7,4
DA:8,4
DA:11,3
DA:13,1
DA:17,1
DA:18,3
DA:20,3
DA:21,3
DA:25,1
DA:28,2
LF:12
LH:12
BRF:0
BRH:0
end_of_record
TN:
SF:src/lib/regex.ts
FNF:0
FNH:0
DA:1,1
LF:1
LH:1
BRF:0
BRH:0
end_of_record
TN:
SF:src/lib/utils.ts
FN:1,timeToMinutes
FN:6,minutesToString
FN:10,normalizeTimeString
FNF:3
FNH:3
FNDA:7,timeToMinutes
FNDA:4,minutesToString
FNDA:4,normalizeTimeString
DA:1,1
DA:2,7
DA:3,7
DA:6,1
DA:7,4
DA:10,1
DA:11,4
LF:7
LH:7
BRDA:11,0,0,1
BRDA:11,0,1,3
BRDA:11,1,0,4
BRDA:11,1,1,1
BRF:4
BRH:4
end_of_record
TN:
SF:src/scripts/index.ts
FN:7,createLogReport
FN:32,buildGameReport
FN:40,buildGameInfo
FN:62,playersInfo
FN:74,killsInfo
FN:118,itemsInfo
FN:128,elapsedTime
FNF:7
FNH:7
FNDA:2,createLogReport
FNDA:3,buildGameReport
FNDA:3,buildGameInfo
FNDA:3,playersInfo
FNDA:3,killsInfo
FNDA:3,itemsInfo
FNDA:3,elapsedTime
DA:3,1
DA:4,1
DA:5,1
DA:7,1
DA:8,2
DA:11,2
DA:14,2
DA:16,2
DA:17,2
DA:18,2
DA:21,2
DA:22,1
DA:25,1
DA:27,1
DA:32,1
DA:33,3
DA:38,3
DA:41,3
DA:50,3
DA:51,3
DA:52,3
DA:53,3
DA:55,3
DA:63,3
DA:65,3
DA:66,14
DA:67,14
DA:75,3
DA:77,3
DA:78,22
DA:79,22
DA:80,22
DA:82,22
DA:87,22
DA:88,20
DA:93,2
DA:97,2
DA:103,2
DA:109,22
DA:114,22
DA:119,3
DA:121,3
DA:122,122
DA:124,122
DA:129,3
DA:131,3
DA:132,3
DA:137,3
DA:141,3
LF:49
LH:49
BRDA:17,0,0,2
BRDA:17,0,1,0
BRDA:21,1,0,1
BRDA:66,2,0,14
BRDA:66,2,1,0
BRDA:78,3,0,22
BRDA:78,3,1,0
BRDA:79,4,0,22
BRDA:79,4,1,0
BRDA:80,5,0,22
BRDA:80,5,1,0
BRDA:83,6,0,22
BRDA:83,6,1,0
BRDA:84,7,0,22
BRDA:84,7,1,0
BRDA:87,8,0,20
BRDA:87,8,1,2
BRDA:87,9,0,22
BRDA:87,9,1,6
BRDA:88,10,0,2
BRDA:93,11,0,0
BRDA:93,11,1,2
BRDA:93,12,0,2
BRDA:93,12,1,0
BRDA:95,13,0,2
BRDA:95,13,1,0
BRDA:99,14,0,2
BRDA:99,14,1,0
BRDA:104,15,0,2
BRDA:104,15,1,0
BRDA:105,16,0,2
BRDA:105,16,1,0
BRDA:111,17,0,22
BRDA:111,17,1,6
BRDA:122,18,0,122
BRDA:122,18,1,0
BRDA:124,19,0,122
BRDA:124,19,1,20
BRF:38
BRH:24
end_of_record
TN:
SF:tests/mocks/index.ts
FN:13,(anonymous_1)
FNF:1
FNH:1
FNDA:2,(anonymous_1)
DA:1,1
DA:2,1
DA:4,1
DA:13,1
DA:14,2
DA:52,1
LF:6
LH:6
BRDA:53,0,0,1
BRDA:53,0,1,0
BRDA:54,1,0,1
BRDA:54,1,1,0
BRDA:55,2,0,1
BRDA:55,2,1,0
BRF:6
BRH:3
end_of_record
